<?xml version="1.0" encoding="UTF-8"?>
<!-- Generated by org.testng.reporters.JUnitReportReporter -->
<testsuite hostname="DESKTOP-A5FS43Q" failures="0" tests="1" name="runnerFiles.Main_runner" time="8.293" errors="0" timestamp="2022-03-24T21:31:14 GMT" skipped="0">
  <testcase classname="runnerFiles.Main_runner" name="runScenario" time="8.293"/>
</testsuite> <!-- runnerFiles.Main_runner -->
