<?xml version="1.0" encoding="UTF-8"?>
<!-- Generated by org.testng.reporters.JUnitReportReporter -->
<testsuite hostname="DESKTOP-A5FS43Q" failures="0" tests="1" name="stepDefinitions.Login" time="0.000" errors="0" timestamp="2022-03-24T21:30:40 GMT" skipped="1">
  <testcase classname="stepDefinitions.Login" name="from_credentials_sheet_enter_and" time="0.000">
    <skipped/>
  </testcase> <!-- from_credentials_sheet_enter_and -->
</testsuite> <!-- stepDefinitions.Login -->
